<?xml version="1.0" encoding="UTF-8"?>
<testng-results ignored="0" total="1" passed="1" failed="0" skipped="0">
  <reporter-output>
  </reporter-output>
  <suite started-at="2022-07-28T16:06:31 IST" name="Surefire suite" finished-at="2022-07-28T16:06:31 IST" duration-ms="76">
    <groups>
    </groups>
    <test started-at="2022-07-28T16:06:31 IST" name="Surefire test" finished-at="2022-07-28T16:06:31 IST" duration-ms="76">
      <class name="com.mindtree.com.Comprensive.AppTest">
        <test-method signature="shouldAnswerWithTrue()" started-at="2022-07-28T16:06:31 IST" name="shouldAnswerWithTrue" finished-at="2022-07-28T16:06:31 IST" duration-ms="12" status="PASS">
          <reporter-output>
          </reporter-output>
        </test-method> <!-- shouldAnswerWithTrue -->
      </class> <!-- com.mindtree.com.Comprensive.AppTest -->
    </test> <!-- Surefire test -->
  </suite> <!-- Surefire suite -->
</testng-results>
